  ORB.cpp
C:\Library\opencv\build\include\opencv2\core.hpp(1746,1): warning C4819: 檔案含有無法在目前字碼頁 (950) 中表示的字元。請以 Unicode 格式儲存檔案以防止資料遺失
C:\Library\opencv\build\include\opencv2\core.hpp(1746,1): warning C4819: 檔案含有無法在目前字碼頁 (950) 中表示的字元。請以 Unicode 格式儲存檔案以防止資料遺失
C:\Library\opencv\build\include\opencv2\core.hpp(1746,1): warning C4819: 檔案含有無法在目前字碼頁 (950) 中表示的字元。請以 Unicode 格式儲存檔案以防止資料遺失
C:\Library\opencv\build\include\opencv2\calib3d.hpp(1,1): warning C4819: 檔案含有無法在目前字碼頁 (950) 中表示的字元。請以 Unicode 格式儲存檔案以防止資料遺失
C:\Users\m0987\Desktop\學習\C++\ORB\ORB\ORB.cpp(408,35): warning C4305: '正在初始化': 從 'double' 轉換為 'float'，是由較大的類型轉換為較小的類型，可能導致資料遺失
C:\Users\m0987\Desktop\學習\C++\ORB\ORB\ORB.cpp(966,10): warning C4215: 使用非標準的擴充: long float
C:\Users\m0987\Desktop\學習\C++\ORB\ORB\ORB.cpp(1025,21): warning C4244: '正在初始化': 將 'float' 轉換為 'int'，由於類型不同，可能導致資料遺失
C:\Users\m0987\Desktop\學習\C++\ORB\ORB\ORB.cpp(1026,14): warning C4244: '正在初始化': 將 'float' 轉換為 'int'，由於類型不同，可能導致資料遺失
C:\Users\m0987\Desktop\學習\C++\ORB\ORB\ORB.cpp(1028,24): warning C4244: '=': 將 'double' 轉換為 'int'，由於類型不同，可能導致資料遺失
C:\Users\m0987\Desktop\學習\C++\ORB\ORB\ORB.cpp(1131,29): warning C4244: '=': 將 'int64' 轉換為 'double'，由於類型不同，可能導致資料遺失
C:\Users\m0987\Desktop\學習\C++\ORB\ORB\ORB.cpp(1363,25): warning C4244: '=': 將 'int64' 轉換為 'double'，由於類型不同，可能導致資料遺失
C:\Users\m0987\Desktop\學習\C++\ORB\ORB\ORB.cpp(1386,53): warning C4244: '=': 將 'double' 轉換為 '_Tp'，由於類型不同，可能導致資料遺失
          with
          [
              _Tp=float
          ]
C:\Users\m0987\Desktop\學習\C++\ORB\ORB\ORB.cpp(1439,23): warning C4244: '=': 將 'int' 轉換為 'float'，由於類型不同，可能導致資料遺失
C:\Users\m0987\Desktop\學習\C++\ORB\ORB\ORB.cpp(1440,23): warning C4244: '=': 將 'int' 轉換為 'float'，由於類型不同，可能導致資料遺失
C:\Users\m0987\Desktop\學習\C++\ORB\ORB\ORB.cpp(1445,26): warning C4244: '=': 將 'int' 轉換為 'float'，由於類型不同，可能導致資料遺失
C:\Users\m0987\Desktop\學習\C++\ORB\ORB\ORB.cpp(1446,26): warning C4244: '=': 將 'int' 轉換為 'float'，由於類型不同，可能導致資料遺失
C:\Users\m0987\Desktop\學習\C++\ORB\ORB\ORB.cpp(1447,23): warning C4244: '=': 將 'int' 轉換為 'float'，由於類型不同，可能導致資料遺失
C:\Users\m0987\Desktop\學習\C++\ORB\ORB\ORB.cpp(1452,27): warning C4244: '=': 將 'int' 轉換為 'float'，由於類型不同，可能導致資料遺失
C:\Users\m0987\Desktop\學習\C++\ORB\ORB\ORB.cpp(1453,27): warning C4244: '=': 將 'int' 轉換為 'float'，由於類型不同，可能導致資料遺失
C:\Users\m0987\Desktop\學習\C++\ORB\ORB\ORB.cpp(1455,30): warning C4244: '=': 將 'int' 轉換為 'float'，由於類型不同，可能導致資料遺失
C:\Users\m0987\Desktop\學習\C++\ORB\ORB\ORB.cpp(1456,30): warning C4244: '=': 將 'int' 轉換為 'float'，由於類型不同，可能導致資料遺失
C:\Users\m0987\Desktop\學習\C++\ORB\ORB\ORB.cpp(1457,27): warning C4244: '=': 將 'int' 轉換為 'float'，由於類型不同，可能導致資料遺失
C:\Users\m0987\Desktop\學習\C++\ORB\ORB\ORB.cpp(1460,25): warning C4244: '=': 將 'int64' 轉換為 'double'，由於類型不同，可能導致資料遺失
C:\Users\m0987\Desktop\學習\C++\ORB\ORB\ORB.cpp(1477,78): warning C4244: '+=': 將 'double' 轉換為 'float'，由於類型不同，可能導致資料遺失
C:\Users\m0987\Desktop\學習\C++\ORB\ORB\ORB.cpp(1025,12): warning C4101: 'v0': 未參考的區域變數
C:\Users\m0987\Desktop\學習\C++\ORB\ORB\ORB.cpp(1698,14): warning C4215: 使用非標準的擴充: long float
C:\Users\m0987\Desktop\學習\C++\ORB\ORB\ORB.cpp(1747,31): warning C4267: '正在初始化': 將 'size_t' 轉換為 'int'，資料可能遺失
C:\Users\m0987\Desktop\學習\C++\ORB\ORB\ORB.cpp(1747,31): warning C4267: '正在初始化': 將 'size_t' 轉換為 'const int'，資料可能遺失
C:\Users\m0987\Desktop\學習\C++\ORB\ORB\ORB.cpp(1848,15): warning C4244: '引數': 將 'time_t' 轉換為 'unsigned int'，由於類型不同，可能導致資料遺失
C:\Users\m0987\Desktop\學習\C++\ORB\ORB\ORB.cpp(1896,26): warning C4267: '正在初始化': 將 'size_t' 轉換為 'int'，資料可能遺失
C:\Users\m0987\Desktop\學習\C++\ORB\ORB\ORB.cpp(1897,29): warning C4267: '正在初始化': 將 'size_t' 轉換為 'int'，資料可能遺失
C:\Users\m0987\Desktop\學習\C++\ORB\ORB\ORB.cpp(2142,15): warning C4244: '引數': 將 'time_t' 轉換為 'unsigned int'，由於類型不同，可能導致資料遺失
C:\Users\m0987\Desktop\學習\C++\ORB\ORB\ORB.cpp(2234,13): warning C4244: '正在初始化': 將 'double' 轉換為 'float'，由於類型不同，可能導致資料遺失
LINK : warning LNK4075: 忽略 '/INCREMENTAL'，由於 '/PROFILE' 規格
ORB.obj : warning LNK4075: 忽略 '/EDITANDCONTINUE'，由於 '/OPT:REF' 規格
  ORB.vcxproj -> C:\Users\m0987\Desktop\學習\C++\ORB\x64\Debug\ORB.exe
